<?xml version="1.0" encoding="UTF-8"?>
<testng-results ignored="0" total="1" passed="1" failed="0" skipped="0">
  <reporter-output>
  </reporter-output>
  <suite started-at="2022-07-05T13:07:30 IST" name="Default suite" finished-at="2022-07-05T13:07:55 IST" duration-ms="25616">
    <groups>
    </groups>
    <test started-at="2022-07-05T13:07:30 IST" name="Default test" finished-at="2022-07-05T13:07:55 IST" duration-ms="25616">
      <class name="com.appium4.launch.AppiumLaunchTest">
        <test-method signature="launch()[pri:0, instance:com.appium4.launch.AppiumLaunchTest@70ed52de]" started-at="2022-07-05T13:07:30 IST" name="launch" finished-at="2022-07-05T13:07:55 IST" duration-ms="25587" status="PASS">
          <reporter-output>
          </reporter-output>
        </test-method> <!-- launch -->
      </class> <!-- com.appium4.launch.AppiumLaunchTest -->
    </test> <!-- Default test -->
  </suite> <!-- Default suite -->
</testng-results>
